2026-01-28 11:37:53,739 - INFO - Assets path configured: /app/assets
2026-01-28 11:38:03,566 - INFO - Starting Flet web server on port 8000...
2026-01-28 11:38:03,568 - INFO - Web renderer configured: WebRenderer.CANVAS_KIT
2026-01-28 11:38:03,568 - INFO - Use color emoji: False
2026-01-28 11:38:03,568 - INFO - Route URL strategy configured: path
2026-01-28 11:38:03,612 - INFO - Starting up Flet App Manager
2026-01-28 11:38:03,613 - INFO - App URL: http://127.0.0.1:8000
2026-01-28 11:41:43,225 - INFO - Assets path configured: /app/assets
2026-01-28 11:41:43,748 - INFO - Starting Flet web server on port 8000...
2026-01-28 11:41:43,749 - INFO - Web renderer configured: WebRenderer.CANVAS_KIT
2026-01-28 11:41:43,749 - INFO - Use color emoji: False
2026-01-28 11:41:43,749 - INFO - Route URL strategy configured: path
2026-01-28 11:41:43,774 - INFO - Starting up Flet App Manager
2026-01-28 11:41:43,774 - INFO - App URL: http://127.0.0.1:8000
2026-01-28 11:41:43,777 - INFO - Shutting down Flet App Manager
2026-01-28 11:42:01,363 - INFO - Shutting down Flet App Manager
2026-01-28 11:47:38,014 - INFO - Assets path configured: /app/assets
2026-01-28 11:47:38,687 - INFO - Starting Flet web server on port 8000...
2026-01-28 11:47:38,689 - INFO - Web renderer configured: WebRenderer.CANVAS_KIT
2026-01-28 11:47:38,689 - INFO - Use color emoji: False
2026-01-28 11:47:38,689 - INFO - Route URL strategy configured: path
2026-01-28 11:47:38,727 - INFO - Starting up Flet App Manager
2026-01-28 11:47:38,727 - INFO - App URL: http://127.0.0.1:8000
2026-01-28 11:47:40,948 - INFO - Shutting down Flet App Manager
2026-01-28 11:47:40,949 - INFO - Flet app has started...
2026-01-28 11:47:40,949 - INFO - Closing Flet web server...
